[32m2026-02-27 17:32:39 +0000[0m - dagster - [34mDEBUG[0m - mns_d_site_assets_job - f4ba61ed-4ea7-47c2-baee-07e5075f9e53 - 551505 - LOGS_CAPTURED - Started capturing logs in process (pid: 551505).
[32m2026-02-27 17:32:39 +0000[0m - dagster - [34mDEBUG[0m - mns_d_site_assets_job - f4ba61ed-4ea7-47c2-baee-07e5075f9e53 - 551505 - mns_d_site - STEP_START - Started execution of step "mns_d_site".
[32m2026-02-27 17:32:39 +0000[0m - dagster - [34mINFO[0m - mns_d_site_assets_job - f4ba61ed-4ea7-47c2-baee-07e5075f9e53 - mns_d_site - 
================================================================================
[32m2026-02-27 17:32:39 +0000[0m - dagster - [34mINFO[0m - mns_d_site_assets_job - f4ba61ed-4ea7-47c2-baee-07e5075f9e53 - mns_d_site - 🚀 PIPELINE MSSQL → SNOWFLAKE
[32m2026-02-27 17:32:39 +0000[0m - dagster - [34mINFO[0m - mns_d_site_assets_job - f4ba61ed-4ea7-47c2-baee-07e5075f9e53 - mns_d_site - 📤➡️❄️  Méthode: BCP + COPY INTO
[32m2026-02-27 17:32:39 +0000[0m - dagster - [34mINFO[0m - mns_d_site_assets_job - f4ba61ed-4ea7-47c2-baee-07e5075f9e53 - mns_d_site - ================================================================================

[32m2026-02-27 17:32:39 +0000[0m - dagster - [34mINFO[0m - mns_d_site_assets_job - f4ba61ed-4ea7-47c2-baee-07e5075f9e53 - mns_d_site - ================================================================================
[32m2026-02-27 17:32:39 +0000[0m - dagster - [34mINFO[0m - mns_d_site_assets_job - f4ba61ed-4ea7-47c2-baee-07e5075f9e53 - mns_d_site - 📤 Export BCP depuis SQL Server pour la table mns_d_site
[32m2026-02-27 17:32:39 +0000[0m - dagster - [34mINFO[0m - mns_d_site_assets_job - f4ba61ed-4ea7-47c2-baee-07e5075f9e53 - mns_d_site - ================================================================================
[32m2026-02-27 17:32:39 +0000[0m - dagster - [34mINFO[0m - mns_d_site_assets_job - f4ba61ed-4ea7-47c2-baee-07e5075f9e53 - mns_d_site - 🗑️  Fichier existant supprimé: /tmp/mssql_export.csv
2026-02-27 17:32:39,993 - INFO - 🔧 BCPExporter initialisé:
2026-02-27 17:32:39,993 - INFO -    Mode: Natif
2026-02-27 17:32:39,993 - INFO -    BCP: bcp
[32m2026-02-27 17:32:40 +0000[0m - dagster - [34mINFO[0m - mns_d_site_assets_job - f4ba61ed-4ea7-47c2-baee-07e5075f9e53 - mns_d_site - 🔄 Exécution BCP...
2026-02-27 17:32:40,008 - INFO - 💻 Mode natif
2026-02-27 17:32:40,008 - INFO - 🔄 Commande BCP: bcp SELECT TOP 10000000 * FROM mns_d_site WITH (NOLOCK) queryout /tmp/mssql_export.csv -c -C 65001 -t | -r 
 -b 100000 -a 32767 -S *** -d *** -U *** -P ***
2026-02-27 17:32:41,476 - INFO - BCP STDOUT:

Starting copy...
SQLState = S1000, NativeError = 0
Error = [Microsoft][ODBC Driver 18 for SQL Server]Warning: BCP import with a format file will convert empty strings in delimited columns to NULL.

58 rows copied.
Network packet size (bytes): 32576
Clock Time (ms.) Total     : 135    Average : (429.6 rows per sec.)

2026-02-27 17:32:41,476 - INFO - ✅ Export BCP réussi: Durée 1.47s, Taille 0.00 MB
[32m2026-02-27 17:32:41 +0000[0m - dagster - [34mINFO[0m - mns_d_site_assets_job - f4ba61ed-4ea7-47c2-baee-07e5075f9e53 - mns_d_site - ✅ Export BCP terminé en 1.47s
[32m2026-02-27 17:32:41 +0000[0m - dagster - [34mINFO[0m - mns_d_site_assets_job - f4ba61ed-4ea7-47c2-baee-07e5075f9e53 - mns_d_site -    Temps BCP: 1.47s
[32m2026-02-27 17:32:41 +0000[0m - dagster - [34mINFO[0m - mns_d_site_assets_job - f4ba61ed-4ea7-47c2-baee-07e5075f9e53 - mns_d_site -    Fichier: /tmp/mssql_export.csv
[32m2026-02-27 17:32:41 +0000[0m - dagster - [34mINFO[0m - mns_d_site_assets_job - f4ba61ed-4ea7-47c2-baee-07e5075f9e53 - mns_d_site -    Taille: 0.00 MB
[32m2026-02-27 17:32:41 +0000[0m - dagster - [34mINFO[0m - mns_d_site_assets_job - f4ba61ed-4ea7-47c2-baee-07e5075f9e53 - mns_d_site - ================================================================================
[32m2026-02-27 17:32:41 +0000[0m - dagster - [34mINFO[0m - mns_d_site_assets_job - f4ba61ed-4ea7-47c2-baee-07e5075f9e53 - mns_d_site - 🔧 Setup Snowflake
[32m2026-02-27 17:32:41 +0000[0m - dagster - [34mINFO[0m - mns_d_site_assets_job - f4ba61ed-4ea7-47c2-baee-07e5075f9e53 - mns_d_site - ================================================================================
2026-02-27 17:32:41,569 - INFO - Snowflake Connector for Python Version: 4.3.0, Python Version: 3.12.3, Platform: Linux-6.6.87.2-microsoft-standard-WSL2-x86_64-with-glibc2.39
2026-02-27 17:32:41,569 - INFO - Connecting to GLOBAL Snowflake domain
[32m2026-02-27 17:33:03 +0000[0m - dagster - [34mINFO[0m - mns_d_site_assets_job - f4ba61ed-4ea7-47c2-baee-07e5075f9e53 - mns_d_site - 🔧 Création du file format CSV...
[32m2026-02-27 17:33:03 +0000[0m - dagster - [34mINFO[0m - mns_d_site_assets_job - f4ba61ed-4ea7-47c2-baee-07e5075f9e53 - mns_d_site - ✅ File format mssql_csv_file_format créé
[32m2026-02-27 17:33:04 +0000[0m - dagster - [34mINFO[0m - mns_d_site_assets_job - f4ba61ed-4ea7-47c2-baee-07e5075f9e53 - mns_d_site - 🔧 Création du stage...
[32m2026-02-27 17:33:04 +0000[0m - dagster - [34mINFO[0m - mns_d_site_assets_job - f4ba61ed-4ea7-47c2-baee-07e5075f9e53 - mns_d_site - ✅ Stage MSSQL_DIRECT_STAGE créé
[32m2026-02-27 17:33:04 +0000[0m - dagster - [34mINFO[0m - mns_d_site_assets_job - f4ba61ed-4ea7-47c2-baee-07e5075f9e53 - mns_d_site - 🔧 Création de la table NEEMBA.MINES.mns_d_site...
2026-02-27 17:33:04,263 - INFO - 🔧 Génération DDL: a_bronze_mns_d_site
2026-02-27 17:33:04,263 - INFO - 📋 Extraction du schéma: mns_d_site
2026-02-27 17:33:07,565 - INFO - ✅ 12 colonnes extraites
2026-02-27 17:33:07,812 - INFO - ✅ DDL généré (12 colonnes)
 CREATE OR REPLACE TABLE NEEMBA.MINES.a_bronze_mns_d_site (
    msi_sk NUMBER(10,0) NULL,
    msi_code VARCHAR(20) NULL,
    msi_latitude NUMBER(10,6),
    msi_lib_site VARCHAR(100),
    msi_longitude NUMBER(10,6),
    msi_pay_code VARCHAR(20),
    msi_pay_sk NUMBER(10,0) NULL,
    msi_tie_code_client VARCHAR(20),
    msi_tie_code_sous_traitant VARCHAR(20),
    msi_tie_sk_client NUMBER(10,0) NULL,
    msi_tie_sk_sous_traitant NUMBER(10,0) NULL,
    msi_time_zone VARCHAR(50)
)
[32m2026-02-27 17:33:08 +0000[0m - dagster - [34mINFO[0m - mns_d_site_assets_job - f4ba61ed-4ea7-47c2-baee-07e5075f9e53 - mns_d_site - ✅ Table mns_d_site créée avec succès
[32m2026-02-27 17:33:08 +0000[0m - dagster - [34mINFO[0m - mns_d_site_assets_job - f4ba61ed-4ea7-47c2-baee-07e5075f9e53 - mns_d_site -    Localisation: NEEMBA.MINES.mns_d_site
[32m2026-02-27 17:33:08 +0000[0m - dagster - [34mINFO[0m - mns_d_site_assets_job - f4ba61ed-4ea7-47c2-baee-07e5075f9e53 - mns_d_site - ================================================================================
[32m2026-02-27 17:33:08 +0000[0m - dagster - [34mINFO[0m - mns_d_site_assets_job - f4ba61ed-4ea7-47c2-baee-07e5075f9e53 - mns_d_site - 🔧 Upload + copy into Snowflake
[32m2026-02-27 17:33:08 +0000[0m - dagster - [34mINFO[0m - mns_d_site_assets_job - f4ba61ed-4ea7-47c2-baee-07e5075f9e53 - mns_d_site - ================================================================================
2026-02-27 17:33:08,409 - INFO - Snowflake Connector for Python Version: 4.3.0, Python Version: 3.12.3, Platform: Linux-6.6.87.2-microsoft-standard-WSL2-x86_64-with-glibc2.39
2026-02-27 17:33:08,409 - INFO - Connecting to GLOBAL Snowflake domain
[32m2026-02-27 17:33:29 +0000[0m - dagster - [34mINFO[0m - mns_d_site_assets_job - f4ba61ed-4ea7-47c2-baee-07e5075f9e53 - mns_d_site - ================================================================================
[32m2026-02-27 17:33:29 +0000[0m - dagster - [34mINFO[0m - mns_d_site_assets_job - f4ba61ed-4ea7-47c2-baee-07e5075f9e53 - mns_d_site - 📤 Upload vers Snowflake Stage
[32m2026-02-27 17:33:29 +0000[0m - dagster - [34mINFO[0m - mns_d_site_assets_job - f4ba61ed-4ea7-47c2-baee-07e5075f9e53 - mns_d_site - ================================================================================
[32m2026-02-27 17:33:29 +0000[0m - dagster - [34mINFO[0m - mns_d_site_assets_job - f4ba61ed-4ea7-47c2-baee-07e5075f9e53 - mns_d_site - 🔄 Upload de mssql_export.csv...
[32m2026-02-27 17:33:30 +0000[0m - dagster - [34mINFO[0m - mns_d_site_assets_job - f4ba61ed-4ea7-47c2-baee-07e5075f9e53 - mns_d_site - ✅ Upload terminé en 0.87s
[32m2026-02-27 17:33:30 +0000[0m - dagster - [34mINFO[0m - mns_d_site_assets_job - f4ba61ed-4ea7-47c2-baee-07e5075f9e53 - mns_d_site - 📁 Fichiers dans le stage: 1
[32m2026-02-27 17:33:30 +0000[0m - dagster - [34mINFO[0m - mns_d_site_assets_job - f4ba61ed-4ea7-47c2-baee-07e5075f9e53 - mns_d_site - Connexion fermées dans la fonction qui appelle
[32m2026-02-27 17:33:30 +0000[0m - dagster - [34mINFO[0m - mns_d_site_assets_job - f4ba61ed-4ea7-47c2-baee-07e5075f9e53 - mns_d_site - ================================================================================
[32m2026-02-27 17:33:30 +0000[0m - dagster - [34mINFO[0m - mns_d_site_assets_job - f4ba61ed-4ea7-47c2-baee-07e5075f9e53 - mns_d_site - 📥 COPY INTO Snowflake
[32m2026-02-27 17:33:30 +0000[0m - dagster - [34mINFO[0m - mns_d_site_assets_job - f4ba61ed-4ea7-47c2-baee-07e5075f9e53 - mns_d_site - ================================================================================
[32m2026-02-27 17:33:30 +0000[0m - dagster - [34mINFO[0m - mns_d_site_assets_job - f4ba61ed-4ea7-47c2-baee-07e5075f9e53 - mns_d_site - 🔄 Chargement dans a_bronze_mns_d_site...
[32m2026-02-27 17:33:32 +0000[0m - dagster - [34mINFO[0m - mns_d_site_assets_job - f4ba61ed-4ea7-47c2-baee-07e5075f9e53 - mns_d_site -    ✓ mssql_direct_stage/mssql_export.csv.gz: 57 lignes
[32m2026-02-27 17:33:32 +0000[0m - dagster - [34mINFO[0m - mns_d_site_assets_job - f4ba61ed-4ea7-47c2-baee-07e5075f9e53 - mns_d_site - ✅ COPY INTO terminé en 1.68s
[32m2026-02-27 17:33:32 +0000[0m - dagster - [34mINFO[0m - mns_d_site_assets_job - f4ba61ed-4ea7-47c2-baee-07e5075f9e53 - mns_d_site - 📊✅ Nombre de lignes chargées : 57
[32m2026-02-27 17:33:32 +0000[0m - dagster - [34mINFO[0m - mns_d_site_assets_job - f4ba61ed-4ea7-47c2-baee-07e5075f9e53 - mns_d_site - 📊❌ Nombre d'erreurs : 0
[32m2026-02-27 17:33:32 +0000[0m - dagster - [34mINFO[0m - mns_d_site_assets_job - f4ba61ed-4ea7-47c2-baee-07e5075f9e53 - mns_d_site - 📊 Total dans la table a_bronze_mns_d_site: 57
[32m2026-02-27 17:33:32 +0000[0m - dagster - [34mINFO[0m - mns_d_site_assets_job - f4ba61ed-4ea7-47c2-baee-07e5075f9e53 - mns_d_site - Connexion fermées dans la fonction qui appelle
[32m2026-02-27 17:33:33 +0000[0m - dagster - [34mINFO[0m - mns_d_site_assets_job - f4ba61ed-4ea7-47c2-baee-07e5075f9e53 - mns_d_site - 
================================================================================
[32m2026-02-27 17:33:33 +0000[0m - dagster - [34mINFO[0m - mns_d_site_assets_job - f4ba61ed-4ea7-47c2-baee-07e5075f9e53 - mns_d_site - ✅ PIPELINE TERMINÉ AVEC SUCCÈS
[32m2026-02-27 17:33:33 +0000[0m - dagster - [34mINFO[0m - mns_d_site_assets_job - f4ba61ed-4ea7-47c2-baee-07e5075f9e53 - mns_d_site - 🕒 Temps total Snowflake: 53.17s
[32m2026-02-27 17:33:33 +0000[0m - dagster - [34mINFO[0m - mns_d_site_assets_job - f4ba61ed-4ea7-47c2-baee-07e5075f9e53 - mns_d_site - 📊 Total lignes insérées: 57
[32m2026-02-27 17:33:33 +0000[0m - dagster - [34mINFO[0m - mns_d_site_assets_job - f4ba61ed-4ea7-47c2-baee-07e5075f9e53 - mns_d_site - ⚡ Débit: 1 rows/sec
[32m2026-02-27 17:33:33 +0000[0m - dagster - [34mINFO[0m - mns_d_site_assets_job - f4ba61ed-4ea7-47c2-baee-07e5075f9e53 - mns_d_site - ================================================================================

[32m2026-02-27 17:33:33 +0000[0m - dagster - [34mDEBUG[0m - mns_d_site_assets_job - f4ba61ed-4ea7-47c2-baee-07e5075f9e53 - 551505 - mns_d_site - STEP_OUTPUT - Yielded output "result" of type "Any". (Type check passed).
2026-02-27 17:33:33,207 - INFO - Context impl SQLiteImpl.
2026-02-27 17:33:33,207 - INFO - Will assume non-transactional DDL.
[32m2026-02-27 17:33:33 +0000[0m - dagster - [34mDEBUG[0m - mns_d_site_assets_job - f4ba61ed-4ea7-47c2-baee-07e5075f9e53 - 551505 - mns_d_site - ASSET_MATERIALIZATION - Materialized value mns_d_site.
[32m2026-02-27 17:33:33 +0000[0m - dagster - [34mDEBUG[0m - mns_d_site_assets_job - f4ba61ed-4ea7-47c2-baee-07e5075f9e53 - 551505 - mns_d_site - STEP_SUCCESS - Finished execution of step "mns_d_site" in 52.64s.
